# JRE version: Java(TM) SE Runtime Environment (9.0+11) (build 9.0.4+11)
# Java VM: Java HotSpot(TM) 64-Bit Server VM (9.0.4+11, mixed mode, tiered, compressed oops, g1 gc, windows-amd64)
Heap:
 garbage-first heap   total 198656K, used 77086K [0x0000000700000000, 0x0000000700100610, 0x00000007c0000000)
  region size 1024K, 8 young (8192K), 1 survivors (1024K)
 Metaspace       used 88792K, capacity 91505K, committed 96768K, reserved 1132544K
  class space    used 11934K, capacity 12469K, committed 13568K, reserved 1048576K
GC Heap History (10 events):
Event: 27540.514 GC heap before
{Heap before GC invocations=553 (full 24):
 garbage-first heap   total 198656K, used 130794K [0x0000000700000000, 0x0000000700100610, 0x00000007c0000000)
  region size 1024K, 60 young (61440K), 1 survivors (1024K)
 Metaspace       used 88740K, capacity 91441K, committed 96768K, reserved 1132544K
  class space    used 11921K, capacity 12469K, committed 13568K, reserved 1048576K
}
Event: 27540.518 GC heap after
{Heap after GC invocations=554 (full 24):
 garbage-first heap   total 198656K, used 70535K [0x0000000700000000, 0x0000000700100610, 0x00000007c0000000)
  region size 1024K, 1 young (1024K), 1 survivors (1024K)
 Metaspace       used 88740K, capacity 91441K, committed 96768K, reserved 1132544K
  class space    used 11921K, capacity 12469K, committed 13568K, reserved 1048576K
}
Event: 27542.503 GC heap before
{Heap before GC invocations=554 (full 24):
 garbage-first heap   total 198656K, used 130951K [0x0000000700000000, 0x0000000700100610, 0x00000007c0000000)
  region size 1024K, 60 young (61440K), 1 survivors (1024K)
 Metaspace       used 88751K, capacity 91505K, committed 96768K, reserved 1132544K
  class space    used 11926K, capacity 12469K, committed 13568K, reserved 1048576K
}
Event: 27542.508 GC heap after
{Heap after GC invocations=555 (full 24):
 garbage-first heap   total 198656K, used 70827K [0x0000000700000000, 0x0000000700100610, 0x00000007c0000000)
  region size 1024K, 1 young (1024K), 1 survivors (1024K)
 Metaspace       used 88751K, capacity 91505K, committed 96768K, reserved 1132544K
  class space    used 11926K, capacity 12469K, committed 13568K, reserved 1048576K
}
Event: 27604.759 GC heap before
{Heap before GC invocations=555 (full 24):
 garbage-first heap   total 198656K, used 131243K [0x0000000700000000, 0x0000000700100610, 0x00000007c0000000)
  region size 1024K, 60 young (61440K), 1 survivors (1024K)
 Metaspace       used 88751K, capacity 91505K, committed 96768K, reserved 1132544K
  class space    used 11926K, capacity 12469K, committed 13568K, reserved 1048576K
}
Event: 27604.763 GC heap after
{Heap after GC invocations=556 (full 24):
 garbage-first heap   total 198656K, used 70757K [0x0000000700000000, 0x0000000700100610, 0x00000007c0000000)
  region size 1024K, 1 young (1024K), 1 survivors (1024K)
 Metaspace       used 88751K, capacity 91505K, committed 96768K, reserved 1132544K
  class space    used 11926K, capacity 12469K, committed 13568K, reserved 1048576K
}
Event: 27683.182 GC heap before
{Heap before GC invocations=556 (full 24):
 garbage-first heap   total 198656K, used 131173K [0x0000000700000000, 0x0000000700100610, 0x00000007c0000000)
  region size 1024K, 60 young (61440K), 1 survivors (1024K)
 Metaspace       used 88751K, capacity 91505K, committed 96768K, reserved 1132544K
  class space    used 11926K, capacity 12469K, committed 13568K, reserved 1048576K
}
Event: 27683.187 GC heap after
{Heap after GC invocations=557 (full 24):
 garbage-first heap   total 198656K, used 70808K [0x0000000700000000, 0x0000000700100610, 0x00000007c0000000)
  region size 1024K, 1 young (1024K), 1 survivors (1024K)
 Metaspace       used 88751K, capacity 91505K, committed 96768K, reserved 1132544K
  class space    used 11926K, capacity 12469K, committed 13568K, reserved 1048576K
}
Event: 27705.403 GC heap before
{Heap before GC invocations=557 (full 24):
 garbage-first heap   total 198656K, used 131224K [0x0000000700000000, 0x0000000700100610, 0x00000007c0000000)
  region size 1024K, 60 young (61440K), 1 survivors (1024K)
 Metaspace       used 88791K, capacity 91505K, committed 96768K, reserved 1132544K
  class space    used 11934K, capacity 12469K, committed 13568K, reserved 1048576K
}
Event: 27705.409 GC heap after
{Heap after GC invocations=558 (full 24):
 garbage-first heap   total 198656K, used 70942K [0x0000000700000000, 0x0000000700100610, 0x00000007c0000000)
  region size 1024K, 1 young (1024K), 1 survivors (1024K)
 Metaspace       used 88791K, capacity 91505K, committed 96768K, reserved 1132544K
  class space    used 11934K, capacity 12469K, committed 13568K, reserved 1048576K
}

